<?xml version="1.0" encoding="UTF-8"?>
<!-- Generated by org.testng.reporters.JUnitXMLReporter -->
<testsuite ignored="0" hostname="Ganeshprasad" failures="1" tests="1" name="Command line test" time="7.088" errors="0" timestamp="2024-09-10T10:52:04 IST">
  <testcase classname="ui_test.MarqueeUiTest" name="verifyThePresenceOfMarquee" time="0.003">
    <failure type="java.lang.AssertionError" message="null">
      <![CDATA[java.lang.AssertionError: null
at ui_test.MarqueeUiTest.verifyThePresenceOfMarquee(MarqueeUiTest.java:18)
at java.base/java.util.ArrayList.forEach(ArrayList.java:1511)
... Removed 39 stack frames]]>
    </failure>
  </testcase> <!-- verifyThePresenceOfMarquee -->
</testsuite> <!-- Command line test -->
