<?xml version="1.0" encoding="UTF-8"?>
<!-- Generated by org.testng.reporters.JUnitXMLReporter -->
<testsuite ignored="0" hostname="Ganeshprasad" failures="1" tests="1" name="MyTests" time="4.904" errors="0" timestamp="2024-09-10T15:43:59 IST">
  <testcase classname="ui_test.MarqueeUiTest" name="verifyThePresenceOfMarquee" time="0.254">
    <failure type="java.lang.AssertionError" message="null">
      <![CDATA[java.lang.AssertionError: null
at ui_test.MarqueeUiTest.verifyThePresenceOfMarquee(MarqueeUiTest.java:28)
at java.base/java.util.ArrayList.forEach(ArrayList.java:1511)
... Removed 33 stack frames]]>
    </failure>
  </testcase> <!-- verifyThePresenceOfMarquee -->
</testsuite> <!-- MyTests -->
