<?xml version="1.0" encoding="UTF-8"?>
<testsuite xmlns:xsi="http://www.w3.org/2001/XMLSchema-instance" xsi:noNamespaceSchemaLocation="https://maven.apache.org/surefire/maven-surefire-plugin/xsd/surefire-test-report.xsd" version="3.0.2" name="TestSuite" time="4.327" tests="1" errors="0" skipped="0" failures="0">
  <properties>
[...]
</properties>
  <testcase name="verifyThePresenceOfMarquee" classname="ui_test.MarqueeUiTest" time="0.659">
    <system-out><![CDATA[2024-09-10 16:03:14 INFO  Java-Selenium-Api-Hybrid:39 - Chrome browser launched
2024-09-10 16:03:16 INFO  Java-Selenium-Api-Hybrid:18 - Driver initialised for Marquee POM
true
]]></system-out>
    <system-err><![CDATA[SLF4J: Failed to load class "org.slf4j.impl.StaticLoggerBinder".
SLF4J: Defaulting to no-operation (NOP) logger implementation
SLF4J: See http://www.slf4j.org/codes.html#StaticLoggerBinder for further details.
]]></system-err>
  </testcase>
</testsuite>