<?xml version="1.0" encoding="UTF-8"?>
<testng-results ignored="0" total="1" passed="1" failed="0" skipped="0">
  <reporter-output>
  </reporter-output>
  <suite started-at="2024-09-10T16:03:12 IST" name="MySuite" finished-at="2024-09-10T16:03:16 IST" duration-ms="3927">
    <groups>
    </groups>
    <test started-at="2024-09-10T16:03:12 IST" name="MyTests" finished-at="2024-09-10T16:03:16 IST" duration-ms="3927">
      <class name="ui_test.MarqueeUiTest">
        <test-method is-config="true" signature="setUp(java.lang.String)[pri:0, instance:ui_test.MarqueeUiTest@55b7a4e0]" started-at="2024-09-10T16:03:13 IST" name="setUp" finished-at="2024-09-10T16:03:16 IST" duration-ms="3089" status="PASS">
          <params>
            <param index="0">
              <value>
                <![CDATA[https://www.shutterfly.com/wedding/]]>
              </value>
            </param>
          </params>
          <reporter-output>
          </reporter-output>
        </test-method> <!-- setUp -->
        <test-method is-config="true" signature="initializePageObject()[pri:0, instance:ui_test.MarqueeUiTest@55b7a4e0]" started-at="2024-09-10T16:03:16 IST" name="initializePageObject" finished-at="2024-09-10T16:03:16 IST" duration-ms="17" status="PASS">
          <reporter-output>
          </reporter-output>
        </test-method> <!-- initializePageObject -->
        <test-method signature="verifyThePresenceOfMarquee()[pri:0, instance:ui_test.MarqueeUiTest@55b7a4e0]" started-at="2024-09-10T16:03:16 IST" name="verifyThePresenceOfMarquee" finished-at="2024-09-10T16:03:16 IST" duration-ms="659" status="PASS">
          <reporter-output>
          </reporter-output>
        </test-method> <!-- verifyThePresenceOfMarquee -->
        <test-method is-config="true" signature="tearDown()[pri:0, instance:ui_test.MarqueeUiTest@55b7a4e0]" started-at="2024-09-10T16:03:16 IST" name="tearDown" finished-at="2024-09-10T16:03:16 IST" duration-ms="130" status="PASS">
          <reporter-output>
          </reporter-output>
        </test-method> <!-- tearDown -->
      </class> <!-- ui_test.MarqueeUiTest -->
    </test> <!-- MyTests -->
  </suite> <!-- MySuite -->
</testng-results>
